<?xml version="1.0" encoding="UTF-8"?>
<!-- Generated by org.testng.reporters.JUnitXMLReporter -->
<testsuite ignored="0" hostname="Sai" failures="0" tests="7" name="Default test" time="4.371" errors="0" timestamp="26 Jul 2023 07:43:37 GMT">
  <testcase classname="apitestingwithRestAssured.E2ETesting" name="TC01_GetAllEmployees" time="3.802"/>
  <testcase classname="apitestingwithRestAssured.E2ETesting" name="TC02_PostEmployee" time="0.214"/>
  <testcase classname="apitestingwithRestAssured.E2ETesting" name="TC03_UpdateEmployee" time="0.102"/>
  <testcase classname="apitestingwithRestAssured.E2ETesting" name="TC04_GetSingleEmployeeWithID" time="0.057"/>
  <testcase classname="apitestingwithRestAssured.E2ETesting" name="TC05_DeleteEmployee" time="0.057"/>
  <testcase classname="apitestingwithRestAssured.E2ETesting" name="TC06_GetSingleEmployeeWithID" time="0.033"/>
  <testcase classname="apitestingwithRestAssured.E2ETesting" name="TC07_GetAllEmployees" time="0.049"/>
</testsuite> <!-- Default test -->
