<?xml version="1.0" encoding="UTF-8"?>
<testng-results ignored="0" total="7" passed="7" failed="0" skipped="0">
  <reporter-output>
  </reporter-output>
  <suite started-at="2023-07-26T07:43:32Z" name="Default suite" finished-at="2023-07-26T07:43:37Z" duration-ms="4371">
    <groups>
    </groups>
    <test started-at="2023-07-26T07:43:32Z" name="Default test" finished-at="2023-07-26T07:43:37Z" duration-ms="4371">
      <class name="apitestingwithRestAssured.E2ETesting">
        <test-method signature="TC01_GetAllEmployees()[pri:0, instance:apitestingwithRestAssured.E2ETesting@341814d3]" started-at="2023-07-26T07:43:32Z" name="TC01_GetAllEmployees" finished-at="2023-07-26T07:43:36Z" duration-ms="3802" status="PASS">
          <reporter-output>
          </reporter-output>
        </test-method> <!-- TC01_GetAllEmployees -->
        <test-method signature="TC02_PostEmployee()[pri:0, instance:apitestingwithRestAssured.E2ETesting@341814d3]" started-at="2023-07-26T07:43:36Z" name="TC02_PostEmployee" finished-at="2023-07-26T07:43:36Z" duration-ms="214" status="PASS">
          <reporter-output>
          </reporter-output>
        </test-method> <!-- TC02_PostEmployee -->
        <test-method signature="TC03_UpdateEmployee()[pri:0, instance:apitestingwithRestAssured.E2ETesting@341814d3]" started-at="2023-07-26T07:43:36Z" name="TC03_UpdateEmployee" finished-at="2023-07-26T07:43:36Z" duration-ms="102" status="PASS">
          <reporter-output>
          </reporter-output>
        </test-method> <!-- TC03_UpdateEmployee -->
        <test-method signature="TC04_GetSingleEmployeeWithID()[pri:0, instance:apitestingwithRestAssured.E2ETesting@341814d3]" started-at="2023-07-26T07:43:36Z" name="TC04_GetSingleEmployeeWithID" finished-at="2023-07-26T07:43:36Z" duration-ms="57" status="PASS">
          <reporter-output>
          </reporter-output>
        </test-method> <!-- TC04_GetSingleEmployeeWithID -->
        <test-method signature="TC05_DeleteEmployee()[pri:0, instance:apitestingwithRestAssured.E2ETesting@341814d3]" started-at="2023-07-26T07:43:36Z" name="TC05_DeleteEmployee" finished-at="2023-07-26T07:43:36Z" duration-ms="57" status="PASS">
          <reporter-output>
          </reporter-output>
        </test-method> <!-- TC05_DeleteEmployee -->
        <test-method signature="TC06_GetSingleEmployeeWithID()[pri:0, instance:apitestingwithRestAssured.E2ETesting@341814d3]" started-at="2023-07-26T07:43:36Z" name="TC06_GetSingleEmployeeWithID" finished-at="2023-07-26T07:43:37Z" duration-ms="33" status="PASS">
          <reporter-output>
          </reporter-output>
        </test-method> <!-- TC06_GetSingleEmployeeWithID -->
        <test-method signature="TC07_GetAllEmployees()[pri:0, instance:apitestingwithRestAssured.E2ETesting@341814d3]" started-at="2023-07-26T07:43:37Z" name="TC07_GetAllEmployees" finished-at="2023-07-26T07:43:37Z" duration-ms="49" status="PASS">
          <reporter-output>
          </reporter-output>
        </test-method> <!-- TC07_GetAllEmployees -->
      </class> <!-- apitestingwithRestAssured.E2ETesting -->
    </test> <!-- Default test -->
  </suite> <!-- Default suite -->
</testng-results>
